<?xml version="1.0" encoding="UTF-8"?>
<!-- Generated by org.testng.reporters.JUnitReportReporter -->
<testsuite hostname="uday18mega" failures="0" tests="1" name="myAppTest.AppInfoset" time="26.812" errors="0" timestamp="2025-04-26T07:22:19 IST" skipped="0">
  <testcase classname="myAppTest.AppInfoset" name="capability" time="26.812"/>
  <system-out/>
</testsuite> <!-- myAppTest.AppInfoset -->
